<?xml version="1.0" encoding="UTF-8"?>
<!-- Generated by org.testng.reporters.JUnitReportReporter -->
<testsuite hostname="MacBook-Air-de-Nicolas.local" name="com.demoJson.AppTest" tests="1" failures="0" timestamp="3 Aug 2016 03:33:01 GMT" time="1.063" errors="0">
  <testcase name="run_cukes" time="1.063" classname="com.demoJson.AppTest"/>
</testsuite> <!-- com.demoJson.AppTest -->
